========================================================================= 
Log Path: ./log/adsl_log.log 
Program Path: /cloud/project/generate_adsl.R 
Working Directory: /cloud/project 
User Name: r3871861 
R Version: 4.6.1 (2026-06-24) 
Machine: application-17573380-deployment-31449900-228sm x86_64 
Operating System: Linux 6.17.0-1017-aws #17~24.04.1-Ubuntu SMP Tue May 26 21:30:32 UTC 2026 
Base Packages: stats graphics grDevices utils datasets methods base 
Other Packages: haven_2.5.5 logr_1.3.9 common_1.1.5 readxl_1.5.0 labelled_2.16.0 tidyr_1.3.2 xportr_0.5.0 metatools_0.3.0 metacore_0.3.0 stringr_1.6.0 lubridate_1.9.5 pharmaversesdtm_1.4.1 dplyr_1.2.1 admiral_1.5.0 
Log Start Time: 2026-07-03 12:15:19.016699 
========================================================================= 

        STUDYID SITEID     USUBJID SUBJID AGE  AGEU SEX                             RACE
1  CDISCPILOT01    701 01-701-1015   1015  63 YEARS   F                            WHITE
2  CDISCPILOT01    701 01-701-1023   1023  64 YEARS   M                            WHITE
3  CDISCPILOT01    701 01-701-1028   1028  71 YEARS   M                            WHITE
4  CDISCPILOT01    701 01-701-1033   1033  74 YEARS   M                            WHITE
5  CDISCPILOT01    701 01-701-1034   1034  77 YEARS   F                            WHITE
6  CDISCPILOT01    701 01-701-1047   1047  85 YEARS   F                            WHITE
7  CDISCPILOT01    701 01-701-1057   1057  59 YEARS   F                            WHITE
8  CDISCPILOT01    701 01-701-1097   1097  68 YEARS   M                            WHITE
9  CDISCPILOT01    701 01-701-1111   1111  81 YEARS   F                            WHITE
10 CDISCPILOT01    701 01-701-1115   1115  84 YEARS   M                            WHITE
11 CDISCPILOT01    701 01-701-1118   1118  52 YEARS   M                            WHITE
12 CDISCPILOT01    701 01-701-1130   1130  84 YEARS   M                            WHITE
13 CDISCPILOT01    701 01-701-1133   1133  81 YEARS   F                            WHITE
14 CDISCPILOT01    701 01-701-1145   1145  57 YEARS   F                            WHITE
15 CDISCPILOT01    701 01-701-1146   1146  75 YEARS   F                            WHITE
16 CDISCPILOT01    701 01-701-1148   1148  57 YEARS   M                            WHITE
17 CDISCPILOT01    701 01-701-1153   1153  79 YEARS   F                            WHITE
18 CDISCPILOT01    701 01-701-1162   1162  82 YEARS   F                            WHITE
19 CDISCPILOT01    701 01-701-1176   1176  62 YEARS   F AMERICAN INDIAN OR ALASKA NATIVE
20 CDISCPILOT01    701 01-701-1180   1180  56 YEARS   M                            WHITE
21 CDISCPILOT01    701 01-701-1181   1181  79 YEARS   F                            WHITE
22 CDISCPILOT01    701 01-701-1188   1188  71 YEARS   M                            WHITE
23 CDISCPILOT01    701 01-701-1192   1192  80 YEARS   F                            WHITE
24 CDISCPILOT01    701 01-701-1203   1203  81 YEARS   F        BLACK OR AFRICAN AMERICAN
25 CDISCPILOT01    701 01-701-1211   1211  76 YEARS   F                            WHITE
26 CDISCPILOT01    701 01-701-1234   1234  69 YEARS   M                            WHITE
27 CDISCPILOT01    701 01-701-1239   1239  56 YEARS   M                            WHITE
28 CDISCPILOT01    701 01-701-1240   1240  57 YEARS   F        BLACK OR AFRICAN AMERICAN
29 CDISCPILOT01    701 01-701-1275   1275  61 YEARS   M AMERICAN INDIAN OR ALASKA NATIVE
30 CDISCPILOT01    701 01-701-1287   1287  56 YEARS   F                            WHITE
31 CDISCPILOT01    701 01-701-1294   1294  67 YEARS   M                            WHITE
32 CDISCPILOT01    701 01-701-1302   1302  61 YEARS   M                            WHITE
33 CDISCPILOT01    701 01-701-1307   1307  80 YEARS   F                            WHITE
34 CDISCPILOT01    701 01-701-1317   1317  68 YEARS   M                            WHITE
35 CDISCPILOT01    701 01-701-1324   1324  79 YEARS   M                            WHITE
36 CDISCPILOT01    701 01-701-1341   1341  51 YEARS   M                            WHITE
37 CDISCPILOT01    701 01-701-1345   1345  63 YEARS   F                            WHITE
38 CDISCPILOT01    701 01-701-1356   1356  54 YEARS   F                            WHITE
39 CDISCPILOT01    701 01-701-1360   1360  67 YEARS   M                            WHITE
40 CDISCPILOT01    701 01-701-1363   1363  81 YEARS   F        BLACK OR AFRICAN AMERICAN
41 CDISCPILOT01    701 01-701-1369   1369  74 YEARS   M                            WHITE
42 CDISCPILOT01    701 01-701-1383   1383  72 YEARS   F                            WHITE
43 CDISCPILOT01    701 01-701-1386   1386  71 YEARS   M                            WHITE
44 CDISCPILOT01    701 01-701-1387   1387  87 YEARS   F                            WHITE
45 CDISCPILOT01    701 01-701-1392   1392  78 YEARS   M                            WHITE
46 CDISCPILOT01    701 01-701-1411   1411  76 YEARS   M        BLACK OR AFRICAN AMERICAN
47 CDISCPILOT01    701 01-701-1415   1415  85 YEARS   M                            WHITE
48 CDISCPILOT01    701 01-701-1429   1429  84 YEARS   F                            WHITE
49 CDISCPILOT01    701 01-701-1440   1440  70 YEARS   M                            WHITE
50 CDISCPILOT01    701 01-701-1442   1442  57 YEARS   F        BLACK OR AFRICAN AMERICAN
51 CDISCPILOT01    701 01-701-1444   1444  63 YEARS   M                            WHITE
52 CDISCPILOT01    702 01-702-1082   1082  84 YEARS   F                            WHITE
                 TRT01P               TRT01A    TRTSDTM TRTSTMF            LSTALVDT     RANDDT
1               Placebo              Placebo 2014-01-02       H 2014-07-02 23:59:59 2014-01-02
2               Placebo              Placebo 2012-08-05       H 2013-02-18 00:00:00 2012-08-05
3  Xanomeline High Dose Xanomeline High Dose 2013-07-19       H 2014-01-14 23:59:59 2013-07-19
4   Xanomeline Low Dose  Xanomeline Low Dose 2014-03-18       H 2014-09-15 00:00:00 2014-03-18
5  Xanomeline High Dose Xanomeline High Dose 2014-07-01       H 2014-12-30 23:59:59 2014-07-01
6               Placebo              Placebo 2013-02-12       H 2013-07-28 00:00:00 2013-02-12
7        Screen Failure       Screen Failure       <NA>    <NA> 2013-12-20 00:00:00       <NA>
8   Xanomeline Low Dose  Xanomeline Low Dose 2014-01-01       H 2014-07-09 23:59:59 2014-01-01
9   Xanomeline Low Dose  Xanomeline Low Dose 2012-09-07       H 2013-02-22 00:00:00 2012-09-07
10  Xanomeline Low Dose  Xanomeline Low Dose 2012-11-30       H 2013-05-20 00:00:00 2012-11-30
11              Placebo              Placebo 2014-03-12       H 2014-09-09 23:59:59 2014-03-12
12              Placebo              Placebo 2014-02-15       H 2014-08-16 23:59:59 2014-02-15
13 Xanomeline High Dose Xanomeline High Dose 2012-10-28       H 2013-04-29 00:00:00 2012-10-28
14       Screen Failure       Screen Failure       <NA>    <NA> 2013-09-05 00:00:00       <NA>
15 Xanomeline High Dose Xanomeline High Dose 2013-05-20       H 2013-06-30 00:00:00 2013-05-20
16 Xanomeline High Dose Xanomeline High Dose 2013-08-23       H 2014-02-20 23:59:59 2013-08-23
17              Placebo              Placebo 2013-09-23       H 2014-04-01 00:00:00 2013-09-23
18       Screen Failure       Screen Failure       <NA>    <NA> 2013-04-18 00:00:00       <NA>
19       Screen Failure       Screen Failure       <NA>    <NA> 2012-09-30 00:00:00       <NA>
20 Xanomeline High Dose Xanomeline High Dose 2013-02-12       H 2013-03-23 00:00:00 2013-02-12
21 Xanomeline High Dose  Xanomeline Low Dose 2013-12-05       H 2014-05-23 00:00:00 2013-12-05
22  Xanomeline Low Dose  Xanomeline Low Dose 2013-02-15       H 2013-08-04 00:00:00 2013-02-15
23  Xanomeline Low Dose  Xanomeline Low Dose 2012-07-22       H 2013-01-20 23:59:59 2012-07-22
24              Placebo              Placebo 2013-02-02       H 2013-08-03 23:59:59 2013-02-02
25  Xanomeline Low Dose  Xanomeline Low Dose 2012-11-15       H 2013-01-14 00:00:00 2012-11-15
26              Placebo              Placebo 2013-03-30       H 2013-09-22 23:59:59 2013-03-30
27 Xanomeline High Dose Xanomeline High Dose 2014-01-11       H 2014-07-11 00:00:00 2014-01-11
28       Screen Failure       Screen Failure       <NA>    <NA> 2013-09-22 00:00:00       <NA>
29 Xanomeline High Dose Xanomeline High Dose 2014-02-07       H 2014-06-14 00:00:00 2014-02-07
30 Xanomeline High Dose Xanomeline High Dose 2014-01-25       H 2014-07-26 23:59:59 2014-01-25
31  Xanomeline Low Dose  Xanomeline Low Dose 2013-03-24       H 2013-10-08 00:00:00 2013-03-24
32 Xanomeline High Dose Xanomeline High Dose 2013-08-29       H 2014-02-13 00:00:00 2013-08-29
33       Screen Failure       Screen Failure       <NA>    <NA> 2013-12-08 00:00:00       <NA>
34  Xanomeline Low Dose  Xanomeline Low Dose 2014-05-22       H 2014-11-20 23:59:59 2014-05-22
35  Xanomeline Low Dose  Xanomeline Low Dose 2012-10-02       H 2013-04-02 23:59:59 2012-10-02
36  Xanomeline Low Dose  Xanomeline Low Dose 2013-01-05       H 2013-02-07 00:00:00 2013-01-05
37              Placebo              Placebo 2013-10-08       H 2014-03-18 23:59:59 2013-10-08
38       Screen Failure       Screen Failure       <NA>    <NA> 2014-04-01 00:00:00       <NA>
39 Xanomeline High Dose  Xanomeline Low Dose 2013-07-31       H 2014-02-11 00:00:00 2013-07-31
40              Placebo              Placebo 2013-05-30       H 2013-11-27 23:59:59 2013-05-30
41       Screen Failure       Screen Failure       <NA>    <NA> 2013-09-18 00:00:00       <NA>
42 Xanomeline High Dose Xanomeline High Dose 2013-02-04       H 2013-08-06 23:59:59 2013-02-04
43       Screen Failure       Screen Failure       <NA>    <NA> 2013-12-28 00:00:00       <NA>
44              Placebo              Placebo 2014-03-12       H 2014-08-27 00:00:00 2014-03-12
45              Placebo              Placebo 2012-10-28       H 2013-04-28 23:59:59 2012-10-28
46       Screen Failure       Screen Failure       <NA>    <NA> 2012-11-14 00:00:00       <NA>
47              Placebo              Placebo 2013-09-23       H 2014-03-24 23:59:59 2013-09-23
48  Xanomeline Low Dose  Xanomeline Low Dose 2013-03-19       H 2013-04-30 23:59:59 2013-03-19
49              Placebo              Placebo 2013-08-08       H 2014-02-05 23:59:59 2013-08-08
50  Xanomeline Low Dose  Xanomeline Low Dose 2013-10-26       H 2014-04-26 23:59:59 2013-10-26
51 Xanomeline High Dose Xanomeline High Dose 2013-01-05       H 2013-06-20 00:00:00 2013-01-05
52  Xanomeline Low Dose  Xanomeline Low Dose 2013-07-26       H 2013-11-17 00:00:00 2013-07-26
   AAGE AAGEU ITTFL AGEGR9 AGEGR9N
1    63 YEARS     Y    >50       3
2    64 YEARS     Y    >50       3
3    71 YEARS     Y    >50       3
4    74 YEARS     Y    >50       3
5    77 YEARS     Y    >50       3
6    85 YEARS     Y    >50       3
7    NA  <NA>     Y   <NA>      NA
8    68 YEARS     Y    >50       3
9    81 YEARS     Y    >50       3
10   84 YEARS     Y    >50       3
11   52 YEARS     Y    >50       3
12   84 YEARS     Y    >50       3
13   81 YEARS     Y    >50       3
14   NA  <NA>     Y   <NA>      NA
15   75 YEARS     Y    >50       3
16   57 YEARS     Y    >50       3
17   79 YEARS     Y    >50       3
18   NA  <NA>     Y   <NA>      NA
19   NA  <NA>     Y   <NA>      NA
20   56 YEARS     Y    >50       3
21   79 YEARS     Y    >50       3
22   71 YEARS     Y    >50       3
23   80 YEARS     Y    >50       3
24   81 YEARS     Y    >50       3
25   76 YEARS     Y    >50       3
26   69 YEARS     Y    >50       3
27   56 YEARS     Y    >50       3
28   NA  <NA>     Y   <NA>      NA
29   61 YEARS     Y    >50       3
30   56 YEARS     Y    >50       3
31   67 YEARS     Y    >50       3
32   61 YEARS     Y    >50       3
33   NA  <NA>     Y   <NA>      NA
34   68 YEARS     Y    >50       3
35   79 YEARS     Y    >50       3
36   51 YEARS     Y    >50       3
37   63 YEARS     Y    >50       3
38   NA  <NA>     Y   <NA>      NA
39   67 YEARS     Y    >50       3
40   81 YEARS     Y    >50       3
41   NA  <NA>     Y   <NA>      NA
42   72 YEARS     Y    >50       3
43   NA  <NA>     Y   <NA>      NA
44   87 YEARS     Y    >50       3
45   78 YEARS     Y    >50       3
46   NA  <NA>     Y   <NA>      NA
47   85 YEARS     Y    >50       3
48   84 YEARS     Y    >50       3
49   70 YEARS     Y    >50       3
50   57 YEARS     Y    >50       3
51   63 YEARS     Y    >50       3
52   84 YEARS     Y    >50       3
 [ reached 'max' / getOption("max.print") -- omitted 254 rows ]

NOTE: Data frame has 306 rows and 19 columns. 

NOTE: Log Print Time:  2026-07-03 12:15:21.235377 
NOTE: Elapsed Time: 2.21820759773254 secs 

========================================================================= 
Log End Time: 2026-07-03 12:15:21.235833 
Log Elapsed Time: 0 00:00:02 
========================================================================= 
